[0.344s] DEBUG:colcon:Command line arguments: ['/usr/bin/colcon', 'build', '--symlink-install']
[0.344s] DEBUG:colcon:Parsed command line arguments: Namespace(log_base=None, log_level=None, verb_name='build', build_base='build', install_base='install', merge_install=False, symlink_install=True, test_result_base=None, continue_on_error=False, executor='parallel', parallel_workers=20, event_handlers=None, ignore_user_meta=False, metas=['./colcon.meta'], base_paths=['.'], packages_ignore=None, packages_ignore_regex=None, paths=None, packages_up_to=None, packages_up_to_regex=None, packages_above=None, packages_above_and_dependencies=None, packages_above_depth=None, packages_select_by_dep=None, packages_skip_by_dep=None, packages_skip_up_to=None, packages_select_build_failed=False, packages_skip_build_finished=False, packages_select_test_failures=False, packages_skip_test_passed=False, packages_select=None, packages_skip=None, packages_select_regex=None, packages_skip_regex=None, packages_start=None, packages_end=None, allow_overriding=[], cmake_args=None, cmake_target=None, cmake_target_skip_unavailable=False, cmake_clean_cache=False, cmake_clean_first=False, cmake_force_configure=False, ament_cmake_args=None, catkin_cmake_args=None, catkin_skip_building_tests=False, verb_parser=<colcon_defaults.argument_parser.defaults.DefaultArgumentsDecorator object at 0x7fd106f43a40>, verb_extension=<colcon_core.verb.build.BuildVerb object at 0x7fd1070ec920>, main=<bound method BuildVerb.main of <colcon_core.verb.build.BuildVerb object at 0x7fd1070ec920>>)
[0.504s] Level 1:colcon.colcon_core.package_discovery:discover_packages(colcon_meta) check parameters
[0.504s] Level 1:colcon.colcon_core.package_discovery:discover_packages(recursive) check parameters
[0.504s] Level 1:colcon.colcon_core.package_discovery:discover_packages(ignore) check parameters
[0.504s] Level 1:colcon.colcon_core.package_discovery:discover_packages(path) check parameters
[0.504s] Level 1:colcon.colcon_core.package_discovery:discover_packages(colcon_meta) discover
[0.504s] Level 1:colcon.colcon_core.package_discovery:discover_packages(recursive) discover
[0.504s] INFO:colcon.colcon_core.package_discovery:Crawling recursively for packages in '/home/ubuntu/NAV2/src'
[0.504s] Level 1:colcon.colcon_core.package_identification:_identify(.) by extensions ['ignore', 'ignore_ament_install']
[0.505s] Level 1:colcon.colcon_core.package_identification:_identify(.) by extension 'ignore'
[0.505s] Level 1:colcon.colcon_core.package_identification:_identify(.) by extension 'ignore_ament_install'
[0.505s] Level 1:colcon.colcon_core.package_identification:_identify(.) by extensions ['colcon_pkg']
[0.505s] Level 1:colcon.colcon_core.package_identification:_identify(.) by extension 'colcon_pkg'
[0.505s] Level 1:colcon.colcon_core.package_identification:_identify(.) by extensions ['colcon_meta']
[0.505s] Level 1:colcon.colcon_core.package_identification:_identify(.) by extension 'colcon_meta'
[0.505s] Level 1:colcon.colcon_core.package_identification:_identify(.) by extensions ['ros']
[0.505s] Level 1:colcon.colcon_core.package_identification:_identify(.) by extension 'ros'
[0.544s] Level 1:colcon.colcon_core.package_identification:_identify(.) by extensions ['cmake', 'python']
[0.544s] Level 1:colcon.colcon_core.package_identification:_identify(.) by extension 'cmake'
[0.545s] Level 1:colcon.colcon_core.package_identification:_identify(.) by extension 'python'
[0.545s] Level 1:colcon.colcon_core.package_identification:_identify(.) by extensions ['python_setup_py']
[0.545s] Level 1:colcon.colcon_core.package_identification:_identify(.) by extension 'python_setup_py'
[0.545s] Level 1:colcon.colcon_core.package_identification:_identify(NAV2) by extensions ['ignore', 'ignore_ament_install']
[0.545s] Level 1:colcon.colcon_core.package_identification:_identify(NAV2) by extension 'ignore'
[0.545s] Level 1:colcon.colcon_core.package_identification:_identify(NAV2) by extension 'ignore_ament_install'
[0.545s] Level 1:colcon.colcon_core.package_identification:_identify(NAV2) by extensions ['colcon_pkg']
[0.545s] Level 1:colcon.colcon_core.package_identification:_identify(NAV2) by extension 'colcon_pkg'
[0.545s] Level 1:colcon.colcon_core.package_identification:_identify(NAV2) by extensions ['colcon_meta']
[0.545s] Level 1:colcon.colcon_core.package_identification:_identify(NAV2) by extension 'colcon_meta'
[0.545s] Level 1:colcon.colcon_core.package_identification:_identify(NAV2) by extensions ['ros']
[0.545s] Level 1:colcon.colcon_core.package_identification:_identify(NAV2) by extension 'ros'
[0.548s] DEBUG:colcon.colcon_core.package_identification:Package 'NAV2' with type 'ros.ament_cmake' and name 'NAV2'
[0.549s] Level 1:colcon.colcon_core.package_identification:_identify(build) by extensions ['ignore', 'ignore_ament_install']
[0.549s] Level 1:colcon.colcon_core.package_identification:_identify(build) by extension 'ignore'
[0.549s] Level 1:colcon.colcon_core.package_identification:_identify(build) ignored
[0.549s] Level 1:colcon.colcon_core.package_identification:_identify(install) by extensions ['ignore', 'ignore_ament_install']
[0.549s] Level 1:colcon.colcon_core.package_identification:_identify(install) by extension 'ignore'
[0.549s] Level 1:colcon.colcon_core.package_identification:_identify(install) ignored
[0.549s] Level 1:colcon.colcon_core.package_identification:_identify(log) by extensions ['ignore', 'ignore_ament_install']
[0.549s] Level 1:colcon.colcon_core.package_identification:_identify(log) by extension 'ignore'
[0.550s] Level 1:colcon.colcon_core.package_identification:_identify(log) ignored
[0.550s] Level 1:colcon.colcon_core.package_discovery:discover_packages(recursive) using defaults
[0.550s] Level 1:colcon.colcon_core.package_discovery:discover_packages(ignore) discover
[0.550s] Level 1:colcon.colcon_core.package_discovery:discover_packages(ignore) using defaults
[0.550s] Level 1:colcon.colcon_core.package_discovery:discover_packages(path) discover
[0.550s] Level 1:colcon.colcon_core.package_discovery:discover_packages(path) using defaults
[0.610s] Level 1:colcon.colcon_core.package_discovery:discover_packages(prefix_path) check parameters
[0.610s] Level 1:colcon.colcon_core.package_discovery:discover_packages(prefix_path) discover
[0.618s] DEBUG:colcon.colcon_installed_package_information.package_discovery:Found 1 installed packages in /home/ubuntu/NAV2/src/install
[0.621s] DEBUG:colcon.colcon_installed_package_information.package_discovery:Found 386 installed packages in /opt/ros/jazzy
[0.622s] Level 1:colcon.colcon_core.package_discovery:discover_packages(prefix_path) using defaults
[0.716s] Level 5:colcon.colcon_core.verb:set package 'NAV2' build argument 'cmake_args' from command line to 'None'
[0.716s] Level 5:colcon.colcon_core.verb:set package 'NAV2' build argument 'cmake_target' from command line to 'None'
[0.716s] Level 5:colcon.colcon_core.verb:set package 'NAV2' build argument 'cmake_target_skip_unavailable' from command line to 'False'
[0.716s] Level 5:colcon.colcon_core.verb:set package 'NAV2' build argument 'cmake_clean_cache' from command line to 'False'
[0.716s] Level 5:colcon.colcon_core.verb:set package 'NAV2' build argument 'cmake_clean_first' from command line to 'False'
[0.716s] Level 5:colcon.colcon_core.verb:set package 'NAV2' build argument 'cmake_force_configure' from command line to 'False'
[0.716s] Level 5:colcon.colcon_core.verb:set package 'NAV2' build argument 'ament_cmake_args' from command line to 'None'
[0.716s] Level 5:colcon.colcon_core.verb:set package 'NAV2' build argument 'catkin_cmake_args' from command line to 'None'
[0.716s] Level 5:colcon.colcon_core.verb:set package 'NAV2' build argument 'catkin_skip_building_tests' from command line to 'False'
[0.716s] DEBUG:colcon.colcon_core.verb:Building package 'NAV2' with the following arguments: {'ament_cmake_args': None, 'build_base': '/home/ubuntu/NAV2/src/build/NAV2', 'catkin_cmake_args': None, 'catkin_skip_building_tests': False, 'cmake_args': None, 'cmake_clean_cache': False, 'cmake_clean_first': False, 'cmake_force_configure': False, 'cmake_target': None, 'cmake_target_skip_unavailable': False, 'install_base': '/home/ubuntu/NAV2/src/install/NAV2', 'merge_install': False, 'path': '/home/ubuntu/NAV2/src/NAV2', 'symlink_install': True, 'test_result_base': None}
[0.717s] INFO:colcon.colcon_core.executor:Executing jobs using 'parallel' executor
[0.718s] DEBUG:colcon.colcon_parallel_executor.executor.parallel:run_until_complete
[0.718s] INFO:colcon.colcon_ros.task.ament_cmake.build:Building ROS package in '/home/ubuntu/NAV2/src/NAV2' with build type 'ament_cmake'
[0.719s] INFO:colcon.colcon_cmake.task.cmake.build:Building CMake package in '/home/ubuntu/NAV2/src/NAV2'
[0.739s] INFO:colcon.colcon_core.plugin_system:Skipping extension 'colcon_core.shell.bat': Not used on non-Windows systems
[0.739s] INFO:colcon.colcon_core.shell:Skip shell extension 'powershell' for command environment: Not usable outside of PowerShell
[0.739s] DEBUG:colcon.colcon_core.shell:Skip shell extension 'dsv' for command environment
[0.760s] DEBUG:colcon.colcon_core.event_handler.log_command:Invoking command in '/home/ubuntu/NAV2/src/build/NAV2': CMAKE_PREFIX_PATH=${CMAKE_PREFIX_PATH}:/opt/ros/jazzy /usr/bin/cmake --build /home/ubuntu/NAV2/src/build/NAV2 -- -j20 -l20
[0.858s] DEBUG:colcon.colcon_core.event_handler.log_command:Invoked command in '/home/ubuntu/NAV2/src/build/NAV2' returned '0': CMAKE_PREFIX_PATH=${CMAKE_PREFIX_PATH}:/opt/ros/jazzy /usr/bin/cmake --build /home/ubuntu/NAV2/src/build/NAV2 -- -j20 -l20
[0.876s] DEBUG:colcon.colcon_core.event_handler.log_command:Invoking command in '/home/ubuntu/NAV2/src/build/NAV2': CMAKE_PREFIX_PATH=${CMAKE_PREFIX_PATH}:/opt/ros/jazzy /usr/bin/cmake --install /home/ubuntu/NAV2/src/build/NAV2
[0.923s] Level 1:colcon.colcon_core.environment:create_environment_scripts_only(NAV2)
[0.924s] DEBUG:colcon.colcon_core.event_handler.log_command:Invoked command in '/home/ubuntu/NAV2/src/build/NAV2' returned '0': CMAKE_PREFIX_PATH=${CMAKE_PREFIX_PATH}:/opt/ros/jazzy /usr/bin/cmake --install /home/ubuntu/NAV2/src/build/NAV2
[0.940s] Level 1:colcon.colcon_core.environment:checking '/home/ubuntu/NAV2/src/install/NAV2' for CMake module files
[0.941s] Level 1:colcon.colcon_core.environment:checking '/home/ubuntu/NAV2/src/install/NAV2' for CMake config files
[0.941s] Level 1:colcon.colcon_core.shell:create_environment_hook('NAV2', 'cmake_prefix_path')
[0.942s] INFO:colcon.colcon_core.shell:Creating environment hook '/home/ubuntu/NAV2/src/install/NAV2/share/NAV2/hook/cmake_prefix_path.ps1'
[0.943s] INFO:colcon.colcon_core.shell:Creating environment descriptor '/home/ubuntu/NAV2/src/install/NAV2/share/NAV2/hook/cmake_prefix_path.dsv'
[0.948s] INFO:colcon.colcon_core.shell:Creating environment hook '/home/ubuntu/NAV2/src/install/NAV2/share/NAV2/hook/cmake_prefix_path.sh'
[0.951s] Level 1:colcon.colcon_core.environment:checking '/home/ubuntu/NAV2/src/install/NAV2/lib'
[0.951s] Level 1:colcon.colcon_core.environment:checking '/home/ubuntu/NAV2/src/install/NAV2/bin'
[0.951s] Level 1:colcon.colcon_core.environment:checking '/home/ubuntu/NAV2/src/install/NAV2/lib/pkgconfig/NAV2.pc'
[0.951s] Level 1:colcon.colcon_core.environment:checking '/home/ubuntu/NAV2/src/install/NAV2/lib/python3.12/site-packages'
[0.952s] Level 1:colcon.colcon_core.shell:create_environment_hook('NAV2', 'pythonpath')
[0.952s] INFO:colcon.colcon_core.shell:Creating environment hook '/home/ubuntu/NAV2/src/install/NAV2/share/NAV2/hook/pythonpath.ps1'
[0.953s] INFO:colcon.colcon_core.shell:Creating environment descriptor '/home/ubuntu/NAV2/src/install/NAV2/share/NAV2/hook/pythonpath.dsv'
[0.953s] INFO:colcon.colcon_core.shell:Creating environment hook '/home/ubuntu/NAV2/src/install/NAV2/share/NAV2/hook/pythonpath.sh'
[0.954s] Level 1:colcon.colcon_core.environment:checking '/home/ubuntu/NAV2/src/install/NAV2/bin'
[0.955s] INFO:colcon.colcon_core.shell:Creating package script '/home/ubuntu/NAV2/src/install/NAV2/share/NAV2/package.ps1'
[0.956s] INFO:colcon.colcon_core.shell:Creating package descriptor '/home/ubuntu/NAV2/src/install/NAV2/share/NAV2/package.dsv'
[0.957s] INFO:colcon.colcon_core.shell:Creating package script '/home/ubuntu/NAV2/src/install/NAV2/share/NAV2/package.sh'
[0.959s] INFO:colcon.colcon_core.shell:Creating package script '/home/ubuntu/NAV2/src/install/NAV2/share/NAV2/package.bash'
[0.960s] INFO:colcon.colcon_core.shell:Creating package script '/home/ubuntu/NAV2/src/install/NAV2/share/NAV2/package.zsh'
[0.962s] Level 1:colcon.colcon_core.environment:create_file_with_runtime_dependencies(/home/ubuntu/NAV2/src/install/NAV2/share/colcon-core/packages/NAV2)
[0.963s] Level 1:colcon.colcon_core.environment:create_environment_scripts_only(NAV2)
[0.963s] Level 1:colcon.colcon_core.environment:checking '/home/ubuntu/NAV2/src/install/NAV2' for CMake module files
[0.964s] Level 1:colcon.colcon_core.environment:checking '/home/ubuntu/NAV2/src/install/NAV2' for CMake config files
[0.964s] Level 1:colcon.colcon_core.shell:create_environment_hook('NAV2', 'cmake_prefix_path')
[0.964s] INFO:colcon.colcon_core.shell:Creating environment hook '/home/ubuntu/NAV2/src/install/NAV2/share/NAV2/hook/cmake_prefix_path.ps1'
[0.965s] INFO:colcon.colcon_core.shell:Creating environment descriptor '/home/ubuntu/NAV2/src/install/NAV2/share/NAV2/hook/cmake_prefix_path.dsv'
[0.965s] INFO:colcon.colcon_core.shell:Creating environment hook '/home/ubuntu/NAV2/src/install/NAV2/share/NAV2/hook/cmake_prefix_path.sh'
[0.966s] Level 1:colcon.colcon_core.environment:checking '/home/ubuntu/NAV2/src/install/NAV2/lib'
[0.967s] Level 1:colcon.colcon_core.environment:checking '/home/ubuntu/NAV2/src/install/NAV2/bin'
[0.967s] Level 1:colcon.colcon_core.environment:checking '/home/ubuntu/NAV2/src/install/NAV2/lib/pkgconfig/NAV2.pc'
[0.968s] Level 1:colcon.colcon_core.environment:checking '/home/ubuntu/NAV2/src/install/NAV2/lib/python3.12/site-packages'
[0.968s] Level 1:colcon.colcon_core.shell:create_environment_hook('NAV2', 'pythonpath')
[0.968s] INFO:colcon.colcon_core.shell:Creating environment hook '/home/ubuntu/NAV2/src/install/NAV2/share/NAV2/hook/pythonpath.ps1'
[0.968s] INFO:colcon.colcon_core.shell:Creating environment descriptor '/home/ubuntu/NAV2/src/install/NAV2/share/NAV2/hook/pythonpath.dsv'
[0.969s] INFO:colcon.colcon_core.shell:Creating environment hook '/home/ubuntu/NAV2/src/install/NAV2/share/NAV2/hook/pythonpath.sh'
[0.970s] Level 1:colcon.colcon_core.environment:checking '/home/ubuntu/NAV2/src/install/NAV2/bin'
[0.970s] INFO:colcon.colcon_core.shell:Creating package script '/home/ubuntu/NAV2/src/install/NAV2/share/NAV2/package.ps1'
[0.971s] INFO:colcon.colcon_core.shell:Creating package descriptor '/home/ubuntu/NAV2/src/install/NAV2/share/NAV2/package.dsv'
[0.972s] INFO:colcon.colcon_core.shell:Creating package script '/home/ubuntu/NAV2/src/install/NAV2/share/NAV2/package.sh'
[0.972s] INFO:colcon.colcon_core.shell:Creating package script '/home/ubuntu/NAV2/src/install/NAV2/share/NAV2/package.bash'
[0.974s] INFO:colcon.colcon_core.shell:Creating package script '/home/ubuntu/NAV2/src/install/NAV2/share/NAV2/package.zsh'
[0.974s] Level 1:colcon.colcon_core.environment:create_file_with_runtime_dependencies(/home/ubuntu/NAV2/src/install/NAV2/share/colcon-core/packages/NAV2)
[0.975s] DEBUG:colcon.colcon_parallel_executor.executor.parallel:closing loop
[0.976s] DEBUG:colcon.colcon_parallel_executor.executor.parallel:loop closed
[0.976s] DEBUG:colcon.colcon_parallel_executor.executor.parallel:run_until_complete finished with '0'
[0.977s] DEBUG:colcon.colcon_core.event_reactor:joining thread
[0.990s] INFO:colcon.colcon_core.plugin_system:Skipping extension 'colcon_notification.desktop_notification.terminal_notifier': Not used on non-Darwin systems
[0.991s] INFO:colcon.colcon_core.plugin_system:Skipping extension 'colcon_notification.desktop_notification.win32': Not used on non-Windows systems
[0.991s] INFO:colcon.colcon_notification.desktop_notification:Sending desktop notification using 'notify2'
[1.280s] DEBUG:colcon.colcon_core.event_reactor:joined thread
[1.281s] INFO:colcon.colcon_core.shell:Creating prefix script '/home/ubuntu/NAV2/src/install/local_setup.ps1'
[1.284s] INFO:colcon.colcon_core.shell:Creating prefix util module '/home/ubuntu/NAV2/src/install/_local_setup_util_ps1.py'
[1.286s] INFO:colcon.colcon_core.shell:Creating prefix chain script '/home/ubuntu/NAV2/src/install/setup.ps1'
[1.288s] INFO:colcon.colcon_core.shell:Creating prefix script '/home/ubuntu/NAV2/src/install/local_setup.sh'
[1.288s] INFO:colcon.colcon_core.shell:Creating prefix util module '/home/ubuntu/NAV2/src/install/_local_setup_util_sh.py'
[1.289s] INFO:colcon.colcon_core.shell:Creating prefix chain script '/home/ubuntu/NAV2/src/install/setup.sh'
[1.291s] INFO:colcon.colcon_core.shell:Creating prefix script '/home/ubuntu/NAV2/src/install/local_setup.bash'
[1.292s] INFO:colcon.colcon_core.shell:Creating prefix chain script '/home/ubuntu/NAV2/src/install/setup.bash'
[1.293s] INFO:colcon.colcon_core.shell:Creating prefix script '/home/ubuntu/NAV2/src/install/local_setup.zsh'
[1.294s] INFO:colcon.colcon_core.shell:Creating prefix chain script '/home/ubuntu/NAV2/src/install/setup.zsh'
