[0.014s] Invoking command in '/home/ubuntu/NAV2/src/build/NAV2': CMAKE_PREFIX_PATH=${CMAKE_PREFIX_PATH}:/opt/ros/jazzy /usr/bin/cmake --build /home/ubuntu/NAV2/src/build/NAV2 -- -j16 -l16
[0.034s] -- Found ament_cmake: 2.5.3 (/opt/ros/jazzy/share/ament_cmake/cmake)
[0.217s] -- Override CMake install command with custom implementation using symlinks instead of copying resources
[0.223s] -- Found ament_lint_auto: 0.17.1 (/opt/ros/jazzy/share/ament_lint_auto/cmake)
[0.284s] WARNING: Package name "NAV2" does not follow the naming conventions. It should start with a lower case letter and only contain lower case letters, digits, underscores, and dashes.
[0.305s] -- Added test 'flake8' to check Python code syntax and style conventions
[0.305s] -- Configured 'flake8' exclude dirs and/or files: 
[0.305s] -- Added test 'lint_cmake' to check CMake code style
[0.305s] -- Added test 'pep257' to check Python code against some of the docstring style conventions in PEP 257
[0.306s] -- Added test 'xmllint' to check XML markup files
[0.307s] -- Configuring done (0.3s)
[0.309s] -- Generating done (0.0s)
[0.310s] -- Build files have been written to: /home/ubuntu/NAV2/src/build/NAV2
[0.328s] Invoked command in '/home/ubuntu/NAV2/src/build/NAV2' returned '0': CMAKE_PREFIX_PATH=${CMAKE_PREFIX_PATH}:/opt/ros/jazzy /usr/bin/cmake --build /home/ubuntu/NAV2/src/build/NAV2 -- -j16 -l16
[0.337s] Invoking command in '/home/ubuntu/NAV2/src/build/NAV2': CMAKE_PREFIX_PATH=${CMAKE_PREFIX_PATH}:/opt/ros/jazzy /usr/bin/cmake --install /home/ubuntu/NAV2/src/build/NAV2
[0.343s] -- Install configuration: ""
[0.344s] -- Execute custom install script
[0.344s] [31mCMake Error at ament_cmake_symlink_install/ament_cmake_symlink_install.cmake:100 (message):
[0.344s]   ament_cmake_symlink_install_directory() can't find
[0.344s]   '/home/ubuntu/NAV2/src/NAV2/description'
[0.344s] Call Stack (most recent call first):
[0.344s]   ament_cmake_symlink_install/ament_cmake_symlink_install.cmake:314 (ament_cmake_symlink_install_directory)
[0.344s]   cmake_install.cmake:46 (include)
[0.344s] 
[0.344s] [0m
[0.345s] Invoked command in '/home/ubuntu/NAV2/src/build/NAV2' returned '1': CMAKE_PREFIX_PATH=${CMAKE_PREFIX_PATH}:/opt/ros/jazzy /usr/bin/cmake --install /home/ubuntu/NAV2/src/build/NAV2
