-- Found ament_cmake: 2.5.3 (/opt/ros/jazzy/share/ament_cmake/cmake)
-- Override CMake install command with custom implementation using symlinks instead of copying resources
-- Found ament_lint_auto: 0.17.1 (/opt/ros/jazzy/share/ament_lint_auto/cmake)
-- Added test 'flake8' to check Python code syntax and style conventions
-- Configured 'flake8' exclude dirs and/or files: 
-- Added test 'lint_cmake' to check CMake code style
-- Added test 'pep257' to check Python code against some of the docstring style conventions in PEP 257
-- Added test 'xmllint' to check XML markup files
-- Configuring done (0.3s)
-- Generating done (0.0s)
-- Build files have been written to: /home/ubuntu/NAV2/src/build/NAV2
-- Install configuration: ""
-- Execute custom install script
-- Symlinking: /home/ubuntu/NAV2/src/install/NAV2/share/NAV2/config/gaz_ros2_ctl_use_sim.yaml
-- Symlinking: /home/ubuntu/NAV2/src/install/NAV2/share/NAV2/config/gz_bridge.yaml
-- Symlinking: /home/ubuntu/NAV2/src/install/NAV2/share/NAV2/config/my_controllers.yaml
-- Up-to-date symlink: /home/ubuntu/NAV2/src/install/NAV2/share/NAV2/description/face.xacro
-- Up-to-date symlink: /home/ubuntu/NAV2/src/install/NAV2/share/NAV2/description/gazebo_control.xacro
-- Up-to-date symlink: /home/ubuntu/NAV2/src/install/NAV2/share/NAV2/description/inertial_macros.xacro
-- Up-to-date symlink: /home/ubuntu/NAV2/src/install/NAV2/share/NAV2/description/robot.urdf.xacro
-- Up-to-date symlink: /home/ubuntu/NAV2/src/install/NAV2/share/NAV2/description/robot_core.xacro
-- Up-to-date symlink: /home/ubuntu/NAV2/src/install/NAV2/share/NAV2/description/ros2_control.xacro
-- Up-to-date symlink: /home/ubuntu/NAV2/src/install/NAV2/share/NAV2/launch/launch_sim.launch.py
-- Up-to-date symlink: /home/ubuntu/NAV2/src/install/NAV2/share/NAV2/launch/rsp.launch.py
-- Up-to-date symlink: /home/ubuntu/NAV2/src/install/NAV2/share/NAV2/worlds/empty.world
-- Up-to-date symlink: /home/ubuntu/NAV2/src/install/NAV2/share/ament_index/resource_index/package_run_dependencies/NAV2
-- Up-to-date symlink: /home/ubuntu/NAV2/src/install/NAV2/share/ament_index/resource_index/parent_prefix_path/NAV2
-- Up-to-date symlink: /home/ubuntu/NAV2/src/install/NAV2/share/NAV2/environment/ament_prefix_path.sh
-- Up-to-date symlink: /home/ubuntu/NAV2/src/install/NAV2/share/NAV2/environment/ament_prefix_path.dsv
-- Up-to-date symlink: /home/ubuntu/NAV2/src/install/NAV2/share/NAV2/environment/path.sh
-- Up-to-date symlink: /home/ubuntu/NAV2/src/install/NAV2/share/NAV2/environment/path.dsv
-- Up-to-date symlink: /home/ubuntu/NAV2/src/install/NAV2/share/NAV2/local_setup.bash
-- Up-to-date symlink: /home/ubuntu/NAV2/src/install/NAV2/share/NAV2/local_setup.sh
-- Up-to-date symlink: /home/ubuntu/NAV2/src/install/NAV2/share/NAV2/local_setup.zsh
-- Up-to-date symlink: /home/ubuntu/NAV2/src/install/NAV2/share/NAV2/local_setup.dsv
-- Symlinking: /home/ubuntu/NAV2/src/install/NAV2/share/NAV2/package.dsv
-- Up-to-date symlink: /home/ubuntu/NAV2/src/install/NAV2/share/ament_index/resource_index/packages/NAV2
-- Up-to-date symlink: /home/ubuntu/NAV2/src/install/NAV2/share/NAV2/cmake/NAV2Config.cmake
-- Up-to-date symlink: /home/ubuntu/NAV2/src/install/NAV2/share/NAV2/cmake/NAV2Config-version.cmake
-- Up-to-date symlink: /home/ubuntu/NAV2/src/install/NAV2/share/NAV2/package.xml
