[1.085s] Invoking command in '/home/ubuntu/NAV2/src/build/NAV2': PYTHONPATH=/home/ubuntu/NAV2/src/build/NAV2/prefix_override:/usr/lib/python3/dist-packages/colcon_core/task/python/colcon_distutils_commands:/home/ubuntu/NAV2/src/install/NAV2/lib/python3.12/site-packages:${PYTHONPATH} /usr/bin/python3 -W ignore:setup.py install is deprecated -W ignore:easy_install command is deprecated setup.py develop --editable --build-directory /home/ubuntu/NAV2/src/build/NAV2/build --no-deps symlink_data
[1.413s] running develop
[1.610s] running egg_info
[1.610s] creating NAV2.egg-info
[1.628s] writing NAV2.egg-info/PKG-INFO
[1.629s] writing dependency_links to NAV2.egg-info/dependency_links.txt
[1.629s] writing requirements to NAV2.egg-info/requires.txt
[1.629s] writing top-level names to NAV2.egg-info/top_level.txt
[1.629s] writing manifest file 'NAV2.egg-info/SOURCES.txt'
[1.666s] reading manifest file 'NAV2.egg-info/SOURCES.txt'
[1.667s] writing manifest file 'NAV2.egg-info/SOURCES.txt'
[1.687s] running build_ext
[1.690s] Creating /home/ubuntu/NAV2/src/install/NAV2/lib/python3.12/site-packages/NAV2.egg-link (link to .)
[1.690s] 
[1.690s] Installed /home/ubuntu/NAV2/src/build/NAV2
[1.691s] running symlink_data
[1.691s] creating /home/ubuntu/NAV2/src/install/NAV2/share/ament_index
[1.691s] creating /home/ubuntu/NAV2/src/install/NAV2/share/ament_index/resource_index
[1.691s] creating /home/ubuntu/NAV2/src/install/NAV2/share/ament_index/resource_index/packages
[1.692s] symbolically linking /home/ubuntu/NAV2/src/build/NAV2/resource/NAV2 -> /home/ubuntu/NAV2/src/install/NAV2/share/ament_index/resource_index/packages
[1.692s] symbolically linking /home/ubuntu/NAV2/src/build/NAV2/package.xml -> /home/ubuntu/NAV2/src/install/NAV2/share/NAV2
[1.724s] Invoked command in '/home/ubuntu/NAV2/src/build/NAV2' returned '0': PYTHONPATH=/home/ubuntu/NAV2/src/build/NAV2/prefix_override:/usr/lib/python3/dist-packages/colcon_core/task/python/colcon_distutils_commands:/home/ubuntu/NAV2/src/install/NAV2/lib/python3.12/site-packages:${PYTHONPATH} /usr/bin/python3 -W ignore:setup.py install is deprecated -W ignore:easy_install command is deprecated setup.py develop --editable --build-directory /home/ubuntu/NAV2/src/build/NAV2/build --no-deps symlink_data
