[0.014s] Invoking command in '/home/ubuntu/NAV2/src/build/NAV2': CMAKE_PREFIX_PATH=${CMAKE_PREFIX_PATH}:/home/ubuntu/NAV2/src/install/NAV2:/opt/ros/jazzy /usr/bin/cmake /home/ubuntu/NAV2/src/NAV2 -DAMENT_CMAKE_SYMLINK_INSTALL=1 -DCMAKE_INSTALL_PREFIX=/home/ubuntu/NAV2/src/install/NAV2
[0.185s] -- The C compiler identification is GNU 13.3.0
[0.285s] -- The CXX compiler identification is GNU 13.3.0
[0.304s] -- Detecting C compiler ABI info
[0.391s] -- Detecting C compiler ABI info - done
[0.398s] -- Check for working C compiler: /usr/bin/cc - skipped
[0.398s] -- Detecting C compile features
[0.399s] -- Detecting C compile features - done
[0.409s] -- Detecting CXX compiler ABI info
[0.489s] -- Detecting CXX compiler ABI info - done
[0.497s] -- Check for working CXX compiler: /usr/bin/c++ - skipped
[0.497s] -- Detecting CXX compile features
[0.497s] -- Detecting CXX compile features - done
[0.531s] -- Found ament_cmake: 2.5.3 (/opt/ros/jazzy/share/ament_cmake/cmake)
[0.677s] -- Found Python3: /usr/bin/python3 (found version "3.12.3") found components: Interpreter 
[0.757s] -- Override CMake install command with custom implementation using symlinks instead of copying resources
[0.838s] -- Found ament_lint_auto: 0.17.1 (/opt/ros/jazzy/share/ament_lint_auto/cmake)
[0.897s] WARNING: Package name "NAV2" does not follow the naming conventions. It should start with a lower case letter and only contain lower case letters, digits, underscores, and dashes.
[0.960s] -- Added test 'flake8' to check Python code syntax and style conventions
[0.960s] -- Configured 'flake8' exclude dirs and/or files: 
[0.962s] -- Added test 'lint_cmake' to check CMake code style
[0.963s] -- Added test 'pep257' to check Python code against some of the docstring style conventions in PEP 257
[0.965s] -- Added test 'xmllint' to check XML markup files
[0.970s] -- Configuring done (0.9s)
[0.975s] -- Generating done (0.0s)
[0.977s] -- Build files have been written to: /home/ubuntu/NAV2/src/build/NAV2
[0.982s] Invoked command in '/home/ubuntu/NAV2/src/build/NAV2' returned '0': CMAKE_PREFIX_PATH=${CMAKE_PREFIX_PATH}:/home/ubuntu/NAV2/src/install/NAV2:/opt/ros/jazzy /usr/bin/cmake /home/ubuntu/NAV2/src/NAV2 -DAMENT_CMAKE_SYMLINK_INSTALL=1 -DCMAKE_INSTALL_PREFIX=/home/ubuntu/NAV2/src/install/NAV2
[0.983s] Invoking command in '/home/ubuntu/NAV2/src/build/NAV2': CMAKE_PREFIX_PATH=${CMAKE_PREFIX_PATH}:/home/ubuntu/NAV2/src/install/NAV2:/opt/ros/jazzy /usr/bin/cmake --build /home/ubuntu/NAV2/src/build/NAV2 -- -j16 -l16
[1.014s] Invoked command in '/home/ubuntu/NAV2/src/build/NAV2' returned '0': CMAKE_PREFIX_PATH=${CMAKE_PREFIX_PATH}:/home/ubuntu/NAV2/src/install/NAV2:/opt/ros/jazzy /usr/bin/cmake --build /home/ubuntu/NAV2/src/build/NAV2 -- -j16 -l16
[1.023s] Invoking command in '/home/ubuntu/NAV2/src/build/NAV2': CMAKE_PREFIX_PATH=${CMAKE_PREFIX_PATH}:/home/ubuntu/NAV2/src/install/NAV2:/opt/ros/jazzy /usr/bin/cmake --install /home/ubuntu/NAV2/src/build/NAV2
[1.029s] -- Install configuration: ""
[1.030s] -- Execute custom install script
[1.030s] -- Symlinking: /home/ubuntu/NAV2/src/install/NAV2/share/ament_index/resource_index/package_run_dependencies/NAV2
[1.040s] -- Symlinking: /home/ubuntu/NAV2/src/install/NAV2/share/ament_index/resource_index/parent_prefix_path/NAV2
[1.048s] -- Symlinking: /home/ubuntu/NAV2/src/install/NAV2/share/NAV2/environment/ament_prefix_path.sh
[1.055s] -- Symlinking: /home/ubuntu/NAV2/src/install/NAV2/share/NAV2/environment/ament_prefix_path.dsv
[1.063s] -- Symlinking: /home/ubuntu/NAV2/src/install/NAV2/share/NAV2/environment/path.sh
[1.070s] -- Symlinking: /home/ubuntu/NAV2/src/install/NAV2/share/NAV2/environment/path.dsv
[1.079s] -- Symlinking: /home/ubuntu/NAV2/src/install/NAV2/share/NAV2/local_setup.bash
[1.087s] -- Symlinking: /home/ubuntu/NAV2/src/install/NAV2/share/NAV2/local_setup.sh
[1.096s] -- Symlinking: /home/ubuntu/NAV2/src/install/NAV2/share/NAV2/local_setup.zsh
[1.104s] -- Symlinking: /home/ubuntu/NAV2/src/install/NAV2/share/NAV2/local_setup.dsv
[1.111s] -- Symlinking: /home/ubuntu/NAV2/src/install/NAV2/share/NAV2/package.dsv
[1.118s] -- Symlinking: /home/ubuntu/NAV2/src/install/NAV2/share/ament_index/resource_index/packages/NAV2
[1.126s] -- Symlinking: /home/ubuntu/NAV2/src/install/NAV2/share/NAV2/cmake/NAV2Config.cmake
[1.134s] -- Symlinking: /home/ubuntu/NAV2/src/install/NAV2/share/NAV2/cmake/NAV2Config-version.cmake
[1.142s] -- Up-to-date symlink: /home/ubuntu/NAV2/src/install/NAV2/share/NAV2/package.xml
[1.144s] Invoked command in '/home/ubuntu/NAV2/src/build/NAV2' returned '0': CMAKE_PREFIX_PATH=${CMAKE_PREFIX_PATH}:/home/ubuntu/NAV2/src/install/NAV2:/opt/ros/jazzy /usr/bin/cmake --install /home/ubuntu/NAV2/src/build/NAV2
