[0.014s] Invoking command in '/home/ubuntu/NAV2/src/build/NAV2': CMAKE_PREFIX_PATH=${CMAKE_PREFIX_PATH}:/opt/ros/jazzy /usr/bin/cmake --build /home/ubuntu/NAV2/src/build/NAV2 -- -j20 -l20
[0.081s] -- Found ament_cmake: 2.5.3 (/opt/ros/jazzy/share/ament_cmake/cmake)
[0.258s] -- Override CMake install command with custom implementation using symlinks instead of copying resources
[0.273s] -- Found ament_lint_auto: 0.17.1 (/opt/ros/jazzy/share/ament_lint_auto/cmake)
[0.327s] WARNING: Package name "NAV2" does not follow the naming conventions. It should start with a lower case letter and only contain lower case letters, digits, underscores, and dashes.
[0.353s] -- Added test 'flake8' to check Python code syntax and style conventions
[0.353s] -- Configured 'flake8' exclude dirs and/or files: 
[0.355s] -- Added test 'lint_cmake' to check CMake code style
[0.355s] -- Added test 'pep257' to check Python code against some of the docstring style conventions in PEP 257
[0.356s] -- Added test 'xmllint' to check XML markup files
[0.358s] -- Configuring done (0.3s)
[0.362s] -- Generating done (0.0s)
[0.363s] -- Build files have been written to: /home/ubuntu/NAV2/src/build/NAV2
[0.379s] Invoked command in '/home/ubuntu/NAV2/src/build/NAV2' returned '0': CMAKE_PREFIX_PATH=${CMAKE_PREFIX_PATH}:/opt/ros/jazzy /usr/bin/cmake --build /home/ubuntu/NAV2/src/build/NAV2 -- -j20 -l20
[0.385s] Invoking command in '/home/ubuntu/NAV2/src/build/NAV2': CMAKE_PREFIX_PATH=${CMAKE_PREFIX_PATH}:/opt/ros/jazzy /usr/bin/cmake --install /home/ubuntu/NAV2/src/build/NAV2
[0.390s] -- Install configuration: ""
[0.390s] -- Execute custom install script
[0.390s] -- Up-to-date symlink: /home/ubuntu/NAV2/src/install/NAV2/share/NAV2/config/gaz_ros2_ctl_use_sim.yaml
[0.391s] -- Up-to-date symlink: /home/ubuntu/NAV2/src/install/NAV2/share/NAV2/config/gz_bridge.yaml
[0.391s] -- Up-to-date symlink: /home/ubuntu/NAV2/src/install/NAV2/share/NAV2/config/my_controllers.yaml
[0.391s] -- Up-to-date symlink: /home/ubuntu/NAV2/src/install/NAV2/share/NAV2/description/face.xacro
[0.391s] -- Up-to-date symlink: /home/ubuntu/NAV2/src/install/NAV2/share/NAV2/description/gazebo_control.xacro
[0.391s] -- Up-to-date symlink: /home/ubuntu/NAV2/src/install/NAV2/share/NAV2/description/inertial_macros.xacro
[0.391s] -- Up-to-date symlink: /home/ubuntu/NAV2/src/install/NAV2/share/NAV2/description/robot.urdf.xacro
[0.391s] -- Up-to-date symlink: /home/ubuntu/NAV2/src/install/NAV2/share/NAV2/description/robot_core.xacro
[0.391s] -- Up-to-date symlink: /home/ubuntu/NAV2/src/install/NAV2/share/NAV2/description/ros2_control.xacro
[0.391s] -- Symlinking: /home/ubuntu/NAV2/src/install/NAV2/share/NAV2/launch/keyboard.launch.py
[0.396s] -- Up-to-date symlink: /home/ubuntu/NAV2/src/install/NAV2/share/NAV2/launch/launch_sim.launch.py
[0.396s] -- Up-to-date symlink: /home/ubuntu/NAV2/src/install/NAV2/share/NAV2/launch/rsp.launch.py
[0.397s] -- Up-to-date symlink: /home/ubuntu/NAV2/src/install/NAV2/share/NAV2/worlds/empty.world
[0.397s] -- Up-to-date symlink: /home/ubuntu/NAV2/src/install/NAV2/share/ament_index/resource_index/package_run_dependencies/NAV2
[0.397s] -- Up-to-date symlink: /home/ubuntu/NAV2/src/install/NAV2/share/ament_index/resource_index/parent_prefix_path/NAV2
[0.397s] -- Up-to-date symlink: /home/ubuntu/NAV2/src/install/NAV2/share/NAV2/environment/ament_prefix_path.sh
[0.397s] -- Up-to-date symlink: /home/ubuntu/NAV2/src/install/NAV2/share/NAV2/environment/ament_prefix_path.dsv
[0.397s] -- Up-to-date symlink: /home/ubuntu/NAV2/src/install/NAV2/share/NAV2/environment/path.sh
[0.397s] -- Up-to-date symlink: /home/ubuntu/NAV2/src/install/NAV2/share/NAV2/environment/path.dsv
[0.397s] -- Up-to-date symlink: /home/ubuntu/NAV2/src/install/NAV2/share/NAV2/local_setup.bash
[0.398s] -- Up-to-date symlink: /home/ubuntu/NAV2/src/install/NAV2/share/NAV2/local_setup.sh
[0.398s] -- Up-to-date symlink: /home/ubuntu/NAV2/src/install/NAV2/share/NAV2/local_setup.zsh
[0.398s] -- Up-to-date symlink: /home/ubuntu/NAV2/src/install/NAV2/share/NAV2/local_setup.dsv
[0.398s] -- Symlinking: /home/ubuntu/NAV2/src/install/NAV2/share/NAV2/package.dsv
[0.403s] -- Up-to-date symlink: /home/ubuntu/NAV2/src/install/NAV2/share/ament_index/resource_index/packages/NAV2
[0.404s] -- Up-to-date symlink: /home/ubuntu/NAV2/src/install/NAV2/share/NAV2/cmake/NAV2Config.cmake
[0.404s] -- Up-to-date symlink: /home/ubuntu/NAV2/src/install/NAV2/share/NAV2/cmake/NAV2Config-version.cmake
[0.404s] -- Up-to-date symlink: /home/ubuntu/NAV2/src/install/NAV2/share/NAV2/package.xml
[0.405s] Invoked command in '/home/ubuntu/NAV2/src/build/NAV2' returned '0': CMAKE_PREFIX_PATH=${CMAKE_PREFIX_PATH}:/opt/ros/jazzy /usr/bin/cmake --install /home/ubuntu/NAV2/src/build/NAV2
